0 info it worked if it ends with ok
1 verbose cli [ '/Users/mceccato/.brew/Cellar/node/7.5.0/bin/node',
1 verbose cli   '/Users/mceccato/.brew/bin/npm',
1 verbose cli   'run',
1 verbose cli   'test' ]
2 info using npm@4.1.2
3 info using node@v7.5.0
4 verbose run-script [ 'pretest', 'test', 'posttest' ]
5 info lifecycle matcha@1.0.0~pretest: matcha@1.0.0
6 silly lifecycle matcha@1.0.0~pretest: no script for pretest, continuing
7 info lifecycle matcha@1.0.0~test: matcha@1.0.0
8 verbose lifecycle matcha@1.0.0~test: unsafe-perm in lifecycle true
9 verbose lifecycle matcha@1.0.0~test: PATH: /Users/mceccato/.brew/lib/node_modules/npm/bin/node-gyp-bin:/Users/mceccato/GITHUB/MATCHA/node_modules/.bin:/Users/mceccato/.brew/bin:/usr/bin:/bin:/usr/sbin:/sbin:/usr/local/bin:/opt/X11/bin:/usr/local/munki
10 verbose lifecycle matcha@1.0.0~test: CWD: /Users/mceccato/GITHUB/MATCHA
11 silly lifecycle matcha@1.0.0~test: Args: [ '-c', 'echo "Error: no test specified" && exit 1' ]
12 silly lifecycle matcha@1.0.0~test: Returned: code: 1  signal: null
13 info lifecycle matcha@1.0.0~test: Failed to exec test script
14 verbose stack Error: matcha@1.0.0 test: `echo "Error: no test specified" && exit 1`
14 verbose stack Exit status 1
14 verbose stack     at EventEmitter.<anonymous> (/Users/mceccato/.brew/lib/node_modules/npm/lib/utils/lifecycle.js:279:16)
14 verbose stack     at emitTwo (events.js:106:13)
14 verbose stack     at EventEmitter.emit (events.js:192:7)
14 verbose stack     at ChildProcess.<anonymous> (/Users/mceccato/.brew/lib/node_modules/npm/lib/utils/spawn.js:40:14)
14 verbose stack     at emitTwo (events.js:106:13)
14 verbose stack     at ChildProcess.emit (events.js:192:7)
14 verbose stack     at maybeClose (internal/child_process.js:890:16)
14 verbose stack     at Process.ChildProcess._handle.onexit (internal/child_process.js:226:5)
15 verbose pkgid matcha@1.0.0
16 verbose cwd /Users/mceccato/GITHUB/MATCHA
17 error Darwin 15.6.0
18 error argv "/Users/mceccato/.brew/Cellar/node/7.5.0/bin/node" "/Users/mceccato/.brew/bin/npm" "run" "test"
19 error node v7.5.0
20 error npm  v4.1.2
21 error code ELIFECYCLE
22 error matcha@1.0.0 test: `echo "Error: no test specified" && exit 1`
22 error Exit status 1
23 error Failed at the matcha@1.0.0 test script 'echo "Error: no test specified" && exit 1'.
23 error Make sure you have the latest version of node.js and npm installed.
23 error If you do, this is most likely a problem with the matcha package,
23 error not with npm itself.
23 error Tell the author that this fails on your system:
23 error     echo "Error: no test specified" && exit 1
23 error You can get information on how to open an issue for this project with:
23 error     npm bugs matcha
23 error Or if that isn't available, you can get their info via:
23 error     npm owner ls matcha
23 error There is likely additional logging output above.
24 verbose exit [ 1, true ]
